{
  "RSpec": {
    "coverage": {
      "/Users/amorales/rails/sharing/app/helpers/application_helper.rb": [
        1,
        null
      ],
      "/Users/amorales/rails/sharing/app/helpers/projects_helper.rb": [
        1,
        null
      ],
      "/Users/amorales/rails/sharing/app/helpers/sessions_helper.rb": [
        1,
        null
      ],
      "/Users/amorales/rails/sharing/app/models/user.rb": [
        1,
        1,
        1,
        null,
        1,
        null,
        1,
        null,
        1,
        null,
        1,
        1,
        null,
        1,
        1,
        null,
        1,
        2,
        null,
        null,
        1,
        0,
        null,
        null
      ],
      "/Users/amorales/rails/sharing/app/models/project.rb": [
        1,
        null,
        1,
        1,
        1,
        null,
        1,
        0,
        null,
        null
      ],
      "/Users/amorales/rails/sharing/app/models/following.rb": [
        1,
        null,
        1,
        1,
        null
      ]
    },
    "timestamp": 1401327075
  }
}
