{
  "RSpec": {
    "coverage": {
      "/Users/amorales/rails/sharing/app/helpers/application_helper.rb": [
        1,
        null
      ],
      "/Users/amorales/rails/sharing/app/helpers/projects_helper.rb": [
        1,
        null
      ],
      "/Users/amorales/rails/sharing/app/helpers/sessions_helper.rb": [
        1,
        null
      ],
      "/Users/amorales/rails/sharing/app/controllers/projects_controller.rb": [
        1,
        1,
        null,
        null,
        null,
        1,
        5,
        null,
        null,
        null,
        null,
        1,
        null,
        null,
        1,
        2,
        2,
        2,
        null,
        null,
        null,
        1,
        1,
        null,
        null,
        null,
        1,
        null,
        null,
        null,
        null,
        1,
        5,
        null,
        5,
        5,
        6,
        3,
        null,
        4,
        2,
        null,
        null,
        null,
        null,
        null,
        null,
        1,
        5,
        5,
        4,
        2,
        null,
        6,
        3,
        null,
        null,
        null,
        null,
        null,
        null,
        1,
        2,
        2,
        4,
        2,
        null,
        null,
        null,
        1,
        null,
        1,
        13,
        null,
        null,
        null,
        1,
        10,
        null,
        null
      ],
      "/Users/amorales/rails/sharing/app/controllers/application_controller.rb": [
        1,
        null,
        null,
        1,
        null,
        1,
        null,
        1,
        24,
        null,
        null,
        1,
        61,
        null,
        null,
        1,
        null
      ],
      "/Users/amorales/rails/sharing/app/controllers/sessions_controller.rb": [
        1,
        1,
        null,
        1,
        4,
        null,
        null,
        1,
        7,
        7,
        5,
        5,
        null,
        2,
        2,
        null,
        null,
        null,
        1,
        1,
        1,
        null,
        null
      ],
      "/Users/amorales/rails/sharing/app/models/following.rb": [
        1,
        null,
        1,
        1,
        null
      ],
      "/Users/amorales/rails/sharing/app/models/project.rb": [
        1,
        null,
        1,
        1,
        1,
        null,
        1,
        4,
        null,
        null,
        null
      ],
      "/Users/amorales/rails/sharing/app/models/user.rb": [
        1,
        1,
        1,
        null,
        1,
        null,
        1,
        null,
        1,
        null,
        1,
        1,
        null,
        1,
        1,
        null,
        1,
        2,
        null,
        null,
        1,
        1,
        null,
        null
      ]
    },
    "timestamp": 1401330076
  }
}
